<?xml version="1.0" encoding="UTF-8"?>
<!-- Generated by org.testng.reporters.JUnitReportReporter -->
<testsuite skipped="0" hostname="Khan-HP" name="com.testNG.OStestNG" tests="1" failures="0" timestamp="10 Feb 2019 00:58:20 GMT" time="12.019" errors="0">
  <testcase name="user_clicks_on_my_account" time="12.019" classname="com.testNG.OStestNG"/>
</testsuite> <!-- com.testNG.OStestNG -->
