<?xml version="1.0" encoding="UTF-8"?>
<!-- Generated by org.testng.reporters.JUnitReportReporter -->
<testsuite skipped="0" hostname="Khan-HP" name="com.runner.Oscommercerunner" tests="2" failures="0" timestamp="10 Feb 2019 00:33:26 GMT" time="48.151" errors="0">
  <testcase name="feature" time="15.181" classname="com.runner.Oscommercerunner"/>
  <testcase name="feature" time="32.970" classname="com.runner.Oscommercerunner"/>
</testsuite> <!-- com.runner.Oscommercerunner -->
